<?xml version="1.0" encoding="UTF-8"?>
<testsuite xmlns:xsi="http://www.w3.org/2001/XMLSchema-instance" xsi:noNamespaceSchemaLocation="https://maven.apache.org/surefire/maven-surefire-plugin/xsd/surefire-test-report-3.0.xsd" version="3.0" name="com.petshop.PetShopOnlineApplicationTests" time="2.766" tests="1" errors="0" skipped="0" failures="0">
  <properties>
[...]
</properties>
  <testcase name="contextLoads" classname="com.petshop.PetShopOnlineApplicationTests" time="0.729">
    <system-out><![CDATA[14:03:54.399 [main] INFO org.springframework.test.context.support.AnnotationConfigContextLoaderUtils -- Could not detect default configuration classes for test class [com.petshop.PetShopOnlineApplicationTests]: PetShopOnlineApplicationTests does not declare any static, non-private, non-final, nested classes annotated with @Configuration.
14:03:54.505 [main] INFO org.springframework.boot.test.context.SpringBootTestContextBootstrapper -- Found @SpringBootConfiguration com.petshop.PetShopOnlineApplication for test class com.petshop.PetShopOnlineApplicationTests
14:03:54.677 [main] INFO org.springframework.boot.devtools.restart.RestartApplicationListener -- Restart disabled due to context in which it is running

  .   ____          _            __ _ _
 /\\ / ___'_ __ _ _(_)_ __  __ _ \ \ \ \
( ( )\___ | '_ | '_| | '_ \/ _` | \ \ \ \
 \\/  ___)| |_)| | | | | || (_| |  ) ) ) )
  '  |____| .__|_| |_|_| |_\__, | / / / /
 =========|_|==============|___/=/_/_/_/

 :: Spring Boot ::                (v3.3.5)

2026-08-15T14:03:54.942-06:00  INFO 11104 --- [PetShopOnline] [           main] c.petshop.PetShopOnlineApplicationTests  : Starting PetShopOnlineApplicationTests using Java 23 with PID 11104 (started by issac in C:\Users\issac\OneDrive\Documentos\Trabajos de la u\Proyectos_Git\ProyectoTiendaMascotas\PetShopOnline)
2026-08-15T14:03:54.943-06:00  INFO 11104 --- [PetShopOnline] [           main] c.petshop.PetShopOnlineApplicationTests  : No active profile set, falling back to 1 default profile: "default"
2026-08-15T14:03:55.926-06:00  INFO 11104 --- [PetShopOnline] [           main] o.s.b.a.w.s.WelcomePageHandlerMapping    : Adding welcome page template: index
2026-08-15T14:03:56.251-06:00  INFO 11104 --- [PetShopOnline] [           main] c.petshop.PetShopOnlineApplicationTests  : Started PetShopOnlineApplicationTests in 1.594 seconds (process running for 2.485)
]]></system-out>
    <system-err><![CDATA[WARNING: A Java agent has been loaded dynamically (C:\Users\issac\.m2\repository\net\bytebuddy\byte-buddy-agent\1.14.19\byte-buddy-agent-1.14.19.jar)
WARNING: If a serviceability tool is in use, please run with -XX:+EnableDynamicAgentLoading to hide this warning
WARNING: If a serviceability tool is not in use, please run with -Djdk.instrument.traceUsage for more information
WARNING: Dynamic loading of agents will be disallowed by default in a future release
]]></system-err>
  </testcase>
</testsuite>